#
# There is insufficient memory for the Java Runtime Environment to continue.
# Native memory allocation (malloc) failed to allocate 1048576 bytes for AllocateHeap
# Possible reasons:
#   The system is out of physical RAM or swap space
#   The process is running with CompressedOops enabled, and the Java Heap may be blocking the growth of the native heap
# Possible solutions:
#   Reduce memory load on the system
#   Increase physical memory or swap space
#   Check if swap backing store is full
#   Decrease Java heap size (-Xmx/-Xms)
#   Decrease number of Java threads
#   Decrease Java thread stack sizes (-Xss)
#   Set larger code cache with -XX:ReservedCodeCacheSize=
#   JVM is running with Unscaled Compressed Oops mode in which the Java heap is
#     placed in the first 4GB address space. The Java Heap base address is the
#     maximum limit for the native heap growth. Please use -XX:HeapBaseMinAddress
#     to set the Java Heap base and to place the Java Heap above 4GB virtual address.
# This output file may be truncated or incomplete.
#
#  Out of Memory Error (allocation.cpp:44), pid=2880, tid=14716
#
# JRE version: OpenJDK Runtime Environment Temurin-17.0.10+7 (17.0.10+7) (build 17.0.10+7)
# Java VM: OpenJDK 64-Bit Server VM Temurin-17.0.10+7 (17.0.10+7, mixed mode, emulated-client, tiered, compressed oops, compressed class ptrs, g1 gc, windows-amd64)
# No core dump will be written. Minidumps are not enabled by default on client versions of Windows
#

---------------  S U M M A R Y ------------

Command Line: -Xmx1024m -Dsts.lsp.client=vscode -Dsts.log.file=/dev/null -XX:TieredStopAtLevel=1 -Xlog:jni+resolve=off -Dspring.config.location=file:c:\Users\islek\.vscode\extensions\vmware.vscode-spring-boot-1.54.0\language-server\BOOT-INF\classes\application.properties org.springframework.ide.vscode.boot.app.BootLanguageServerBootApp

Host: AMD Ryzen 5 5500U with Radeon Graphics         , 12 cores, 7G,  Windows 11 , 64 bit Build 22621 (10.0.22621.3527)
Time: Sun May  5 23:34:34 2024 Türkiye Standart Saati elapsed time: 27254.164029 seconds (0d 7h 34m 14s)

---------------  T H R E A D  ---------------

Current thread (0x00000245c82ee510):  VMThread "VM Thread" [stack: 0x0000007192900000,0x0000007192a00000] [id=14716]

Stack: [0x0000007192900000,0x0000007192a00000]
Native frames: (J=compiled Java code, j=interpreted, Vv=VM code, C=native code)
V  [jvm.dll+0x67d2c9]
V  [jvm.dll+0x834afa]
V  [jvm.dll+0x8365be]
V  [jvm.dll+0x836c23]
V  [jvm.dll+0x2477ff]
V  [jvm.dll+0xa6c93]
V  [jvm.dll+0x2f8663]
V  [jvm.dll+0x2f42e0]
V  [jvm.dll+0x2dc8c7]
V  [jvm.dll+0x31fb87]
V  [jvm.dll+0x83b11b]
V  [jvm.dll+0x83be61]
V  [jvm.dll+0x83c37d]
V  [jvm.dll+0x83c754]
V  [jvm.dll+0x83c820]
V  [jvm.dll+0x7e3fba]
V  [jvm.dll+0x67c1b5]
C  [ucrtbase.dll+0x29333]
C  [KERNEL32.DLL+0x1257d]
C  [ntdll.dll+0x5aa48]

VM_Operation (0x0000007193dff050): G1CollectFull, mode: safepoint, requested by thread 0x00000245ce446200


---------------  P R O C E S S  ---------------

Threads class SMR info:
_java_thread_list=0x00000245ced927b0, length=32, elements={
0x00000245c830f260, 0x00000245c830fff0, 0x00000245c83244d0, 0x00000245c8324da0,
0x00000245c8465110, 0x00000245c84659e0, 0x00000245c8466360, 0x00000245c833b030,
0x00000245c8663580, 0x00000245c866ed70, 0x00000245ce3fdb30, 0x00000245ce446200,
0x00000245ce471fb0, 0x00000245baede0b0, 0x00000245ce49dbb0, 0x00000245ce4e96f0,
0x00000245ce505020, 0x00000245ce5036d0, 0x00000245ce5040f0, 0x00000245ce503be0,
0x00000245ce504600, 0x00000245ce504b10, 0x00000245ce56fd30, 0x00000245ce570240,
0x00000245ce56e8f0, 0x00000245ce56c070, 0x00000245ce56a720, 0x00000245ce56ac30,
0x00000245ce571170, 0x00000245ce56b140, 0x00000245ce56bb60, 0x00000245ce56e3e0
}

Java Threads: ( => current thread )
  0x00000245c830f260 JavaThread "Reference Handler" daemon [_thread_blocked, id=20620, stack(0x0000007192a00000,0x0000007192b00000)]
  0x00000245c830fff0 JavaThread "Finalizer" daemon [_thread_blocked, id=13108, stack(0x0000007192b00000,0x0000007192c00000)]
  0x00000245c83244d0 JavaThread "Signal Dispatcher" daemon [_thread_blocked, id=23524, stack(0x0000007192c00000,0x0000007192d00000)]
  0x00000245c8324da0 JavaThread "Attach Listener" daemon [_thread_blocked, id=4620, stack(0x0000007192d00000,0x0000007192e00000)]
  0x00000245c8465110 JavaThread "Service Thread" daemon [_thread_blocked, id=13024, stack(0x0000007192e00000,0x0000007192f00000)]
  0x00000245c84659e0 JavaThread "Monitor Deflation Thread" daemon [_thread_blocked, id=25720, stack(0x0000007192f00000,0x0000007193000000)]
  0x00000245c8466360 JavaThread "C1 CompilerThread0" daemon [_thread_blocked, id=26252, stack(0x0000007193000000,0x0000007193100000)]
  0x00000245c833b030 JavaThread "Sweeper thread" daemon [_thread_blocked, id=6776, stack(0x0000007193100000,0x0000007193200000)]
  0x00000245c8663580 JavaThread "Notification Thread" daemon [_thread_blocked, id=20916, stack(0x0000007193300000,0x0000007193400000)]
  0x00000245c866ed70 JavaThread "Common-Cleaner" daemon [_thread_blocked, id=24876, stack(0x0000007193500000,0x0000007193600000)]
  0x00000245ce3fdb30 JavaThread "boundedElastic-evictor-1" daemon [_thread_blocked, id=18292, stack(0x0000007193b00000,0x0000007193c00000)]
  0x00000245ce446200 JavaThread "pool-13-thread-1" [_thread_blocked, id=26620, stack(0x0000007193d00000,0x0000007193e00000)]
  0x00000245ce471fb0 JavaThread "LanguageServerApp-lifecycle" [_thread_blocked, id=6880, stack(0x0000007194400000,0x0000007194500000)]
  0x00000245baede0b0 JavaThread "DestroyJavaVM" [_thread_blocked, id=8772, stack(0x0000007192300000,0x0000007192400000)]
  0x00000245ce49dbb0 JavaThread "pool-14-thread-1" [_thread_in_native, id=10900, stack(0x0000007194500000,0x0000007194600000)]
  0x00000245ce4e96f0 JavaThread "Simple-Language-Server main thread" daemon [_thread_blocked, id=17604, stack(0x0000007194600000,0x0000007194700000)]
  0x00000245ce505020 JavaThread "pool-8-thread-1" [_thread_blocked, id=24256, stack(0x0000007194900000,0x0000007194a00000)]
  0x00000245ce5036d0 JavaThread "parallel-1" daemon [_thread_blocked, id=14164, stack(0x0000007194a00000,0x0000007194b00000)]
  0x00000245ce5040f0 JavaThread "parallel-2" daemon [_thread_blocked, id=13772, stack(0x0000007194b00000,0x0000007194c00000)]
  0x00000245ce503be0 JavaThread "pool-6-thread-1" [_thread_blocked, id=10444, stack(0x0000007194c00000,0x0000007194d00000)]
  0x00000245ce504600 JavaThread "parallel-3" daemon [_thread_blocked, id=17564, stack(0x0000007194d00000,0x0000007194e00000)]
  0x00000245ce504b10 JavaThread "parallel-4" daemon [_thread_blocked, id=7208, stack(0x0000007194e00000,0x0000007194f00000)]
  0x00000245ce56fd30 JavaThread "parallel-5" daemon [_thread_blocked, id=17392, stack(0x0000007194f00000,0x0000007195000000)]
  0x00000245ce570240 JavaThread "parallel-6" daemon [_thread_blocked, id=21664, stack(0x0000007195700000,0x0000007195800000)]
  0x00000245ce56e8f0 JavaThread "parallel-7" daemon [_thread_blocked, id=26556, stack(0x0000007195800000,0x0000007195900000)]
  0x00000245ce56c070 JavaThread "parallel-8" daemon [_thread_blocked, id=17640, stack(0x0000007195900000,0x0000007195a00000)]
  0x00000245ce56a720 JavaThread "Reconciler-1" daemon [_thread_blocked, id=17968, stack(0x0000007195b00000,0x0000007195c00000)]
  0x00000245ce56ac30 JavaThread "parallel-9" daemon [_thread_blocked, id=18880, stack(0x0000007192000000,0x0000007192100000)]
  0x00000245ce571170 JavaThread "parallel-10" daemon [_thread_blocked, id=17648, stack(0x0000007195100000,0x0000007195200000)]
  0x00000245ce56b140 JavaThread "parallel-11" daemon [_thread_blocked, id=12356, stack(0x0000007195200000,0x0000007195300000)]
  0x00000245ce56bb60 JavaThread "parallel-12" daemon [_thread_blocked, id=26164, stack(0x0000007194800000,0x0000007194900000)]
  0x00000245ce56e3e0 JavaThread "CompletableFutureDelayScheduler" daemon [_thread_blocked, id=12000, stack(0x0000007195c00000,0x0000007195d00000)]

Other Threads:
=>0x00000245c82ee510 VMThread "VM Thread" [stack: 0x0000007192900000,0x0000007192a00000] [id=14716]
  0x00000245c8664280 WatcherThread [stack: 0x0000007193400000,0x0000007193500000] [id=16472]
  0x00000245bd0aa790 GCTaskThread "GC Thread#0" [stack: 0x0000007192400000,0x0000007192500000] [id=22936]
  0x00000245c84de830 GCTaskThread "GC Thread#1" [stack: 0x0000007193600000,0x0000007193700000] [id=9648]
  0x00000245cd860bc0 GCTaskThread "GC Thread#2" [stack: 0x0000007193700000,0x0000007193800000] [id=24844]
  0x00000245cd8d6700 GCTaskThread "GC Thread#3" [stack: 0x0000007193800000,0x0000007193900000] [id=16564]
  0x00000245cdacac80 GCTaskThread "GC Thread#4" [stack: 0x0000007193900000,0x0000007193a00000] [id=3716]
  0x00000245cdaec170 GCTaskThread "GC Thread#5" [stack: 0x0000007193a00000,0x0000007193b00000] [id=21476]
  0x00000245cdc43f90 GCTaskThread "GC Thread#6" [stack: 0x0000007193e00000,0x0000007193f00000] [id=13084]
  0x00000245cdd314d0 GCTaskThread "GC Thread#7" [stack: 0x0000007193f00000,0x0000007194000000] [id=24364]
  0x00000245cddcff70 GCTaskThread "GC Thread#8" [stack: 0x0000007194000000,0x0000007194100000] [id=24440]
  0x00000245cdd2db90 GCTaskThread "GC Thread#9" [stack: 0x0000007194100000,0x0000007194200000] [id=21928]
  0x00000245bd0b35f0 ConcurrentGCThread "G1 Main Marker" [stack: 0x0000007192500000,0x0000007192600000] [id=22620]
  0x00000245bd0b3f20 ConcurrentGCThread "G1 Conc#0" [stack: 0x0000007192600000,0x0000007192700000] [id=17872]
  0x00000245cdd5dc80 ConcurrentGCThread "G1 Conc#1" [stack: 0x0000007194200000,0x0000007194300000] [id=25784]
  0x00000245cddaaeb0 ConcurrentGCThread "G1 Conc#2" [stack: 0x0000007194300000,0x0000007194400000] [id=25484]
  0x00000245bd10e8c0 ConcurrentGCThread "G1 Refine#0" [stack: 0x0000007192700000,0x0000007192800000] [id=21760]
  0x00000245cd5c8990 ConcurrentGCThread "G1 Refine#1" [stack: 0x0000007195d00000,0x0000007195e00000] [id=24792]
  0x00000245cd5c80c0 ConcurrentGCThread "G1 Refine#2" [stack: 0x0000007195e00000,0x0000007195f00000] [id=18084]
  0x00000245cefcde00 ConcurrentGCThread "G1 Refine#3" [stack: 0x0000007195f00000,0x0000007196000000] [id=13056]
  0x00000245c816b360 ConcurrentGCThread "G1 Service" [stack: 0x0000007192800000,0x0000007192900000] [id=26044]

Threads with active compile tasks:

VM state: at safepoint (normal execution)

VM Mutex/Monitor currently owned by a thread:  ([mutex/lock_event])
[0x00000245bae24210] Threads_lock - owner thread: 0x00000245c82ee510
[0x00000245baedcfd0] Heap_lock - owner thread: 0x00000245ce446200

Heap address: 0x00000000c0000000, size: 1024 MB, Compressed Oops mode: 32-bit

CDS archive(s) not mapped
Compressed class space mapped at: 0x0000000100000000-0x0000000140000000, reserved size: 1073741824
Narrow klass base: 0x0000000000000000, Narrow klass shift: 3, Narrow klass range: 0x140000000

GC Precious Log:
 CPUs: 12 total, 12 available
 Memory: 7514M
 Large Page Support: Disabled
 NUMA Support: Disabled
 Compressed Oops: Enabled (32-bit)
 Heap Region Size: 1M
 Heap Min Capacity: 8M
 Heap Initial Capacity: 118M
 Heap Max Capacity: 1G
 Pre-touch: Disabled
 Parallel Workers: 10
 Concurrent Workers: 3
 Concurrent Refinement Workers: 10
 Periodic GC: Disabled

Heap:
 garbage-first heap   total 126976K, used 40307K [0x00000000c0000000, 0x0000000100000000)
  region size 1024K, 1 young (1024K), 0 survivors (0K)
 Metaspace       used 59954K, committed 60416K, reserved 1114112K
  class space    used 7496K, committed 7680K, reserved 1048576K

Heap Regions: E=young(eden), S=young(survivor), O=old, HS=humongous(starts), HC=humongous(continues), CS=collection set, F=free, OA=open archive, CA=closed archive, TAMS=top-at-mark-start (previous, next)
|   0|0x00000000c0000000, 0x00000000c0100000, 0x00000000c0100000|100%|HS|  |TAMS 0x00000000c0100000, 0x00000000c0000000| Untracked 
|   1|0x00000000c0100000, 0x00000000c0200000, 0x00000000c0200000|100%|HC|  |TAMS 0x00000000c0200000, 0x00000000c0100000| Untracked 
|   2|0x00000000c0200000, 0x00000000c0300000, 0x00000000c0300000|100%|HC|  |TAMS 0x00000000c0300000, 0x00000000c0200000| Untracked 
|   3|0x00000000c0300000, 0x00000000c0400000, 0x00000000c0400000|100%|HC|  |TAMS 0x00000000c0400000, 0x00000000c0300000| Untracked 
|   4|0x00000000c0400000, 0x00000000c0500000, 0x00000000c0500000|100%|HS|  |TAMS 0x00000000c0500000, 0x00000000c0400000| Untracked 
|   5|0x00000000c0500000, 0x00000000c0600000, 0x00000000c0600000|100%|HC|  |TAMS 0x00000000c0600000, 0x00000000c0500000| Untracked 
|   6|0x00000000c0600000, 0x00000000c0700000, 0x00000000c0700000|100%| O|  |TAMS 0x00000000c0700000, 0x00000000c0600000| Untracked 
|   7|0x00000000c0700000, 0x00000000c0800000, 0x00000000c0800000|100%| O|  |TAMS 0x00000000c0800000, 0x00000000c0700000| Untracked 
|   8|0x00000000c0800000, 0x00000000c08ffd60, 0x00000000c0900000| 99%| O|  |TAMS 0x00000000c08ffd60, 0x00000000c0800000| Untracked 
|   9|0x00000000c0900000, 0x00000000c09ffff0, 0x00000000c0a00000| 99%| O|  |TAMS 0x00000000c09ffff0, 0x00000000c0900000| Untracked 
|  10|0x00000000c0a00000, 0x00000000c0b00000, 0x00000000c0b00000|100%| O|  |TAMS 0x00000000c0b00000, 0x00000000c0a00000| Untracked 
|  11|0x00000000c0b00000, 0x00000000c0bffff8, 0x00000000c0c00000| 99%| O|  |TAMS 0x00000000c0bffff8, 0x00000000c0b00000| Untracked 
|  12|0x00000000c0c00000, 0x00000000c0cffff8, 0x00000000c0d00000| 99%| O|  |TAMS 0x00000000c0cffff8, 0x00000000c0c00000| Untracked 
|  13|0x00000000c0d00000, 0x00000000c0dffff0, 0x00000000c0e00000| 99%| O|  |TAMS 0x00000000c0dffff0, 0x00000000c0d00000| Untracked 
|  14|0x00000000c0e00000, 0x00000000c0f00000, 0x00000000c0f00000|100%| O|  |TAMS 0x00000000c0f00000, 0x00000000c0e00000| Untracked 
|  15|0x00000000c0f00000, 0x00000000c0ffffd0, 0x00000000c1000000| 99%| O|  |TAMS 0x00000000c0ffffd0, 0x00000000c0f00000| Untracked 
|  16|0x00000000c1000000, 0x00000000c10fde30, 0x00000000c1100000| 99%| O|  |TAMS 0x00000000c10fde30, 0x00000000c1000000| Untracked 
|  17|0x00000000c1100000, 0x00000000c11fdee8, 0x00000000c1200000| 99%| O|  |TAMS 0x00000000c11fdee8, 0x00000000c1100000| Untracked 
|  18|0x00000000c1200000, 0x00000000c12ffff8, 0x00000000c1300000| 99%| O|  |TAMS 0x00000000c12ffff8, 0x00000000c1200000| Untracked 
|  19|0x00000000c1300000, 0x00000000c13ffff8, 0x00000000c1400000| 99%| O|  |TAMS 0x00000000c13ffff8, 0x00000000c1300000| Untracked 
|  20|0x00000000c1400000, 0x00000000c14fe7f8, 0x00000000c1500000| 99%| O|  |TAMS 0x00000000c14fe7f8, 0x00000000c1400000| Untracked 
|  21|0x00000000c1500000, 0x00000000c15ff618, 0x00000000c1600000| 99%| O|  |TAMS 0x00000000c15ff618, 0x00000000c1500000| Untracked 
|  22|0x00000000c1600000, 0x00000000c16fffd0, 0x00000000c1700000| 99%| O|  |TAMS 0x00000000c16fffd0, 0x00000000c1600000| Untracked 
|  23|0x00000000c1700000, 0x00000000c1800000, 0x00000000c1800000|100%|HS|  |TAMS 0x00000000c1800000, 0x00000000c1700000| Untracked 
|  24|0x00000000c1800000, 0x00000000c1900000, 0x00000000c1900000|100%| O|  |TAMS 0x00000000c1900000, 0x00000000c1800000| Untracked 
|  25|0x00000000c1900000, 0x00000000c19ffff0, 0x00000000c1a00000| 99%| O|  |TAMS 0x00000000c19ffff0, 0x00000000c1900000| Untracked 
|  26|0x00000000c1a00000, 0x00000000c1afff90, 0x00000000c1b00000| 99%| O|  |TAMS 0x00000000c1afff90, 0x00000000c1a00000| Untracked 
|  27|0x00000000c1b00000, 0x00000000c1bffe90, 0x00000000c1c00000| 99%| O|  |TAMS 0x00000000c1bffe90, 0x00000000c1b00000| Untracked 
|  28|0x00000000c1c00000, 0x00000000c1cffff8, 0x00000000c1d00000| 99%| O|  |TAMS 0x00000000c1cffff8, 0x00000000c1c00000| Untracked 
|  29|0x00000000c1d00000, 0x00000000c1dfdef8, 0x00000000c1e00000| 99%| O|  |TAMS 0x00000000c1dfdef8, 0x00000000c1d00000| Untracked 
|  30|0x00000000c1e00000, 0x00000000c1effff0, 0x00000000c1f00000| 99%| O|  |TAMS 0x00000000c1effff0, 0x00000000c1e00000| Untracked 
|  31|0x00000000c1f00000, 0x00000000c2000000, 0x00000000c2000000|100%| O|  |TAMS 0x00000000c2000000, 0x00000000c1f00000| Untracked 
|  32|0x00000000c2000000, 0x00000000c20fffe8, 0x00000000c2100000| 99%| O|  |TAMS 0x00000000c20fffe8, 0x00000000c2000000| Untracked 
|  33|0x00000000c2100000, 0x00000000c21fffc0, 0x00000000c2200000| 99%| O|  |TAMS 0x00000000c21fffc0, 0x00000000c2100000| Untracked 
|  34|0x00000000c2200000, 0x00000000c22fffe8, 0x00000000c2300000| 99%| O|  |TAMS 0x00000000c22fffe8, 0x00000000c2200000| Untracked 
|  35|0x00000000c2300000, 0x00000000c23fff60, 0x00000000c2400000| 99%| O|  |TAMS 0x00000000c23fff60, 0x00000000c2300000| Untracked 
|  36|0x00000000c2400000, 0x00000000c24ffff0, 0x00000000c2500000| 99%| O|  |TAMS 0x00000000c24ffff0, 0x00000000c2400000| Untracked 
|  37|0x00000000c2500000, 0x00000000c2600000, 0x00000000c2600000|100%| O|  |TAMS 0x00000000c2600000, 0x00000000c2500000| Untracked 
|  38|0x00000000c2600000, 0x00000000c26fff90, 0x00000000c2700000| 99%| O|  |TAMS 0x00000000c26fff90, 0x00000000c2600000| Untracked 
|  39|0x00000000c2700000, 0x00000000c2765b88, 0x00000000c2800000| 39%| O|  |TAMS 0x00000000c2700000, 0x00000000c2700000| Untracked 
|  40|0x00000000c2800000, 0x00000000c2800000, 0x00000000c2900000|  0%| F|  |TAMS 0x00000000c2800000, 0x00000000c2800000| Untracked 
|  41|0x00000000c2900000, 0x00000000c2900000, 0x00000000c2a00000|  0%| F|  |TAMS 0x00000000c2900000, 0x00000000c2900000| Untracked 
|  42|0x00000000c2a00000, 0x00000000c2a00000, 0x00000000c2b00000|  0%| F|  |TAMS 0x00000000c2a00000, 0x00000000c2a00000| Untracked 
|  43|0x00000000c2b00000, 0x00000000c2b00000, 0x00000000c2c00000|  0%| F|  |TAMS 0x00000000c2b00000, 0x00000000c2b00000| Untracked 
|  44|0x00000000c2c00000, 0x00000000c2c00000, 0x00000000c2d00000|  0%| F|  |TAMS 0x00000000c2c00000, 0x00000000c2c00000| Untracked 
|  45|0x00000000c2d00000, 0x00000000c2d00000, 0x00000000c2e00000|  0%| F|  |TAMS 0x00000000c2d00000, 0x00000000c2d00000| Untracked 
|  46|0x00000000c2e00000, 0x00000000c2e00000, 0x00000000c2f00000|  0%| F|  |TAMS 0x00000000c2e00000, 0x00000000c2e00000| Untracked 
|  47|0x00000000c2f00000, 0x00000000c2f00000, 0x00000000c3000000|  0%| F|  |TAMS 0x00000000c2f00000, 0x00000000c2f00000| Untracked 
|  48|0x00000000c3000000, 0x00000000c3000000, 0x00000000c3100000|  0%| F|  |TAMS 0x00000000c3000000, 0x00000000c3000000| Untracked 
|  49|0x00000000c3100000, 0x00000000c3100000, 0x00000000c3200000|  0%| F|  |TAMS 0x00000000c3100000, 0x00000000c3100000| Untracked 
|  50|0x00000000c3200000, 0x00000000c3200000, 0x00000000c3300000|  0%| F|  |TAMS 0x00000000c3200000, 0x00000000c3200000| Untracked 
|  51|0x00000000c3300000, 0x00000000c3300000, 0x00000000c3400000|  0%| F|  |TAMS 0x00000000c3300000, 0x00000000c3300000| Untracked 
|  52|0x00000000c3400000, 0x00000000c3400000, 0x00000000c3500000|  0%| F|  |TAMS 0x00000000c3400000, 0x00000000c3400000| Untracked 
|  53|0x00000000c3500000, 0x00000000c3500000, 0x00000000c3600000|  0%| F|  |TAMS 0x00000000c3500000, 0x00000000c3500000| Untracked 
|  54|0x00000000c3600000, 0x00000000c3600000, 0x00000000c3700000|  0%| F|  |TAMS 0x00000000c3600000, 0x00000000c3600000| Untracked 
|  55|0x00000000c3700000, 0x00000000c3700000, 0x00000000c3800000|  0%| F|  |TAMS 0x00000000c3700000, 0x00000000c3700000| Untracked 
|  56|0x00000000c3800000, 0x00000000c3800000, 0x00000000c3900000|  0%| F|  |TAMS 0x00000000c3800000, 0x00000000c3800000| Untracked 
|  57|0x00000000c3900000, 0x00000000c3900000, 0x00000000c3a00000|  0%| F|  |TAMS 0x00000000c3900000, 0x00000000c3900000| Untracked 
|  58|0x00000000c3a00000, 0x00000000c3a00000, 0x00000000c3b00000|  0%| F|  |TAMS 0x00000000c3a00000, 0x00000000c3a00000| Untracked 
|  59|0x00000000c3b00000, 0x00000000c3b00000, 0x00000000c3c00000|  0%| F|  |TAMS 0x00000000c3b00000, 0x00000000c3b00000| Untracked 
|  60|0x00000000c3c00000, 0x00000000c3c00000, 0x00000000c3d00000|  0%| F|  |TAMS 0x00000000c3c00000, 0x00000000c3c00000| Untracked 
|  61|0x00000000c3d00000, 0x00000000c3d00000, 0x00000000c3e00000|  0%| F|  |TAMS 0x00000000c3d00000, 0x00000000c3d00000| Untracked 
|  62|0x00000000c3e00000, 0x00000000c3e00000, 0x00000000c3f00000|  0%| F|  |TAMS 0x00000000c3e00000, 0x00000000c3e00000| Untracked 
|  63|0x00000000c3f00000, 0x00000000c3f00000, 0x00000000c4000000|  0%| F|  |TAMS 0x00000000c3f00000, 0x00000000c3f00000| Untracked 
|  64|0x00000000c4000000, 0x00000000c4000000, 0x00000000c4100000|  0%| F|  |TAMS 0x00000000c4000000, 0x00000000c4000000| Untracked 
|  65|0x00000000c4100000, 0x00000000c4100000, 0x00000000c4200000|  0%| F|  |TAMS 0x00000000c4100000, 0x00000000c4100000| Untracked 
|  66|0x00000000c4200000, 0x00000000c4200000, 0x00000000c4300000|  0%| F|  |TAMS 0x00000000c4200000, 0x00000000c4200000| Untracked 
|  67|0x00000000c4300000, 0x00000000c4300000, 0x00000000c4400000|  0%| F|  |TAMS 0x00000000c4300000, 0x00000000c4300000| Untracked 
|  68|0x00000000c4400000, 0x00000000c4400000, 0x00000000c4500000|  0%| F|  |TAMS 0x00000000c4400000, 0x00000000c4400000| Untracked 
|  69|0x00000000c4500000, 0x00000000c4500000, 0x00000000c4600000|  0%| F|  |TAMS 0x00000000c4500000, 0x00000000c4500000| Untracked 
|  70|0x00000000c4600000, 0x00000000c4600000, 0x00000000c4700000|  0%| F|  |TAMS 0x00000000c4600000, 0x00000000c4600000| Untracked 
|  71|0x00000000c4700000, 0x00000000c4700000, 0x00000000c4800000|  0%| F|  |TAMS 0x00000000c4700000, 0x00000000c4700000| Untracked 
|  72|0x00000000c4800000, 0x00000000c4800000, 0x00000000c4900000|  0%| F|  |TAMS 0x00000000c4800000, 0x00000000c4800000| Untracked 
|  73|0x00000000c4900000, 0x00000000c4900000, 0x00000000c4a00000|  0%| F|  |TAMS 0x00000000c4900000, 0x00000000c4900000| Untracked 
|  74|0x00000000c4a00000, 0x00000000c4a00000, 0x00000000c4b00000|  0%| F|  |TAMS 0x00000000c4a00000, 0x00000000c4a00000| Untracked 
|  75|0x00000000c4b00000, 0x00000000c4b00000, 0x00000000c4c00000|  0%| F|  |TAMS 0x00000000c4b00000, 0x00000000c4b00000| Untracked 
|  76|0x00000000c4c00000, 0x00000000c4c00000, 0x00000000c4d00000|  0%| F|  |TAMS 0x00000000c4c00000, 0x00000000c4c00000| Untracked 
|  77|0x00000000c4d00000, 0x00000000c4d00000, 0x00000000c4e00000|  0%| F|  |TAMS 0x00000000c4d00000, 0x00000000c4d00000| Untracked 
|  78|0x00000000c4e00000, 0x00000000c4e00000, 0x00000000c4f00000|  0%| F|  |TAMS 0x00000000c4e00000, 0x00000000c4e00000| Untracked 
|  79|0x00000000c4f00000, 0x00000000c4f00000, 0x00000000c5000000|  0%| F|  |TAMS 0x00000000c4f00000, 0x00000000c4f00000| Untracked 
|  80|0x00000000c5000000, 0x00000000c5000000, 0x00000000c5100000|  0%| F|  |TAMS 0x00000000c5000000, 0x00000000c5000000| Untracked 
|  81|0x00000000c5100000, 0x00000000c5100000, 0x00000000c5200000|  0%| F|  |TAMS 0x00000000c5100000, 0x00000000c5100000| Untracked 
|  82|0x00000000c5200000, 0x00000000c5200000, 0x00000000c5300000|  0%| F|  |TAMS 0x00000000c5200000, 0x00000000c5200000| Untracked 
|  83|0x00000000c5300000, 0x00000000c5300000, 0x00000000c5400000|  0%| F|  |TAMS 0x00000000c5300000, 0x00000000c5300000| Untracked 
|  84|0x00000000c5400000, 0x00000000c5400000, 0x00000000c5500000|  0%| F|  |TAMS 0x00000000c5400000, 0x00000000c5400000| Untracked 
|  85|0x00000000c5500000, 0x00000000c5500000, 0x00000000c5600000|  0%| F|  |TAMS 0x00000000c5500000, 0x00000000c5500000| Untracked 
|  86|0x00000000c5600000, 0x00000000c5600000, 0x00000000c5700000|  0%| F|  |TAMS 0x00000000c5600000, 0x00000000c5600000| Untracked 
|  87|0x00000000c5700000, 0x00000000c5700000, 0x00000000c5800000|  0%| F|  |TAMS 0x00000000c5700000, 0x00000000c5700000| Untracked 
|  88|0x00000000c5800000, 0x00000000c5800000, 0x00000000c5900000|  0%| F|  |TAMS 0x00000000c5800000, 0x00000000c5800000| Untracked 
|  89|0x00000000c5900000, 0x00000000c5900000, 0x00000000c5a00000|  0%| F|  |TAMS 0x00000000c5900000, 0x00000000c5900000| Untracked 
|  90|0x00000000c5a00000, 0x00000000c5a00000, 0x00000000c5b00000|  0%| F|  |TAMS 0x00000000c5a00000, 0x00000000c5a00000| Untracked 
|  91|0x00000000c5b00000, 0x00000000c5b00000, 0x00000000c5c00000|  0%| F|  |TAMS 0x00000000c5b00000, 0x00000000c5b00000| Untracked 
|  92|0x00000000c5c00000, 0x00000000c5c00000, 0x00000000c5d00000|  0%| F|  |TAMS 0x00000000c5c00000, 0x00000000c5c00000| Untracked 
|  93|0x00000000c5d00000, 0x00000000c5d00000, 0x00000000c5e00000|  0%| F|  |TAMS 0x00000000c5d00000, 0x00000000c5d00000| Untracked 
|  94|0x00000000c5e00000, 0x00000000c5e00000, 0x00000000c5f00000|  0%| F|  |TAMS 0x00000000c5e00000, 0x00000000c5e00000| Untracked 
|  95|0x00000000c5f00000, 0x00000000c5f00000, 0x00000000c6000000|  0%| F|  |TAMS 0x00000000c5f00000, 0x00000000c5f00000| Untracked 
|  96|0x00000000c6000000, 0x00000000c6000000, 0x00000000c6100000|  0%| F|  |TAMS 0x00000000c6000000, 0x00000000c6000000| Untracked 
|  97|0x00000000c6100000, 0x00000000c6100000, 0x00000000c6200000|  0%| F|  |TAMS 0x00000000c6100000, 0x00000000c6100000| Untracked 
|  98|0x00000000c6200000, 0x00000000c6200000, 0x00000000c6300000|  0%| F|  |TAMS 0x00000000c6200000, 0x00000000c6200000| Untracked 
|  99|0x00000000c6300000, 0x00000000c6300000, 0x00000000c6400000|  0%| F|  |TAMS 0x00000000c6300000, 0x00000000c6300000| Untracked 
| 100|0x00000000c6400000, 0x00000000c6400000, 0x00000000c6500000|  0%| F|  |TAMS 0x00000000c6400000, 0x00000000c6400000| Untracked 
| 101|0x00000000c6500000, 0x00000000c6500000, 0x00000000c6600000|  0%| F|  |TAMS 0x00000000c6500000, 0x00000000c6500000| Untracked 
| 102|0x00000000c6600000, 0x00000000c6600000, 0x00000000c6700000|  0%| F|  |TAMS 0x00000000c6600000, 0x00000000c6600000| Untracked 
| 103|0x00000000c6700000, 0x00000000c6700000, 0x00000000c6800000|  0%| F|  |TAMS 0x00000000c6700000, 0x00000000c6700000| Untracked 
| 104|0x00000000c6800000, 0x00000000c6800000, 0x00000000c6900000|  0%| F|  |TAMS 0x00000000c6800000, 0x00000000c6800000| Untracked 
| 105|0x00000000c6900000, 0x00000000c6900000, 0x00000000c6a00000|  0%| F|  |TAMS 0x00000000c6900000, 0x00000000c6900000| Untracked 
| 106|0x00000000c6a00000, 0x00000000c6a00000, 0x00000000c6b00000|  0%| F|  |TAMS 0x00000000c6a00000, 0x00000000c6a00000| Untracked 
| 107|0x00000000c6b00000, 0x00000000c6b00000, 0x00000000c6c00000|  0%| F|  |TAMS 0x00000000c6b00000, 0x00000000c6b00000| Untracked 
| 108|0x00000000c6c00000, 0x00000000c6c00000, 0x00000000c6d00000|  0%| F|  |TAMS 0x00000000c6c00000, 0x00000000c6c00000| Untracked 
| 109|0x00000000c6d00000, 0x00000000c6d00000, 0x00000000c6e00000|  0%| F|  |TAMS 0x00000000c6d00000, 0x00000000c6d00000| Untracked 
| 110|0x00000000c6e00000, 0x00000000c6e00000, 0x00000000c6f00000|  0%| F|  |TAMS 0x00000000c6e00000, 0x00000000c6e00000| Untracked 
| 111|0x00000000c6f00000, 0x00000000c6f00000, 0x00000000c7000000|  0%| F|  |TAMS 0x00000000c6f00000, 0x00000000c6f00000| Untracked 
| 112|0x00000000c7000000, 0x00000000c7000000, 0x00000000c7100000|  0%| F|  |TAMS 0x00000000c7000000, 0x00000000c7000000| Untracked 
| 113|0x00000000c7100000, 0x00000000c7100000, 0x00000000c7200000|  0%| F|  |TAMS 0x00000000c7100000, 0x00000000c7100000| Untracked 
| 114|0x00000000c7200000, 0x00000000c7200000, 0x00000000c7300000|  0%| F|  |TAMS 0x00000000c7200000, 0x00000000c7200000| Untracked 
| 115|0x00000000c7300000, 0x00000000c7300000, 0x00000000c7400000|  0%| F|  |TAMS 0x00000000c7300000, 0x00000000c7300000| Untracked 
| 116|0x00000000c7400000, 0x00000000c7400000, 0x00000000c7500000|  0%| F|  |TAMS 0x00000000c7400000, 0x00000000c7400000| Untracked 
| 117|0x00000000c7500000, 0x00000000c7500000, 0x00000000c7600000|  0%| F|  |TAMS 0x00000000c7500000, 0x00000000c7500000| Untracked 
| 118|0x00000000c7600000, 0x00000000c7600000, 0x00000000c7700000|  0%| F|  |TAMS 0x00000000c7600000, 0x00000000c7600000| Untracked 
| 119|0x00000000c7700000, 0x00000000c7700000, 0x00000000c7800000|  0%| F|  |TAMS 0x00000000c7700000, 0x00000000c7700000| Untracked 
| 120|0x00000000c7800000, 0x00000000c7800000, 0x00000000c7900000|  0%| F|  |TAMS 0x00000000c7800000, 0x00000000c7800000| Untracked 
| 121|0x00000000c7900000, 0x00000000c7900000, 0x00000000c7a00000|  0%| F|  |TAMS 0x00000000c7900000, 0x00000000c7900000| Untracked 
| 122|0x00000000c7a00000, 0x00000000c7a00000, 0x00000000c7b00000|  0%| F|  |TAMS 0x00000000c7a00000, 0x00000000c7a00000| Untracked 
| 123|0x00000000c7b00000, 0x00000000c7b05888, 0x00000000c7c00000|  2%| E|  |TAMS 0x00000000c7b00000, 0x00000000c7b00000| Complete 

Card table byte_map: [0x00000245c3230000,0x00000245c3430000] _byte_map_base: 0x00000245c2c30000

Marking Bits (Prev, Next): (CMBitMap*) 0x00000245bd0aacc0, (CMBitMap*) 0x00000245bd0aad00
 Prev Bits: [0x00000245c3630000, 0x00000245c4630000)
 Next Bits: [0x00000245c4630000, 0x00000245c5630000)

Polling page: 0x00000245badc0000

Metaspace:

Usage:
  Non-class:     51.23 MB used.
      Class:      7.32 MB used.
       Both:     58.55 MB used.

Virtual space:
  Non-class space:       64.00 MB reserved,      51.50 MB ( 80%) committed,  1 nodes.
      Class space:        1.00 GB reserved,       7.50 MB ( <1%) committed,  1 nodes.
             Both:        1.06 GB reserved,      59.00 MB (  5%) committed. 

Chunk freelists:
   Non-Class:  12.17 MB
       Class:  8.33 MB
        Both:  20.50 MB

MaxMetaspaceSize: unlimited
CompressedClassSpaceSize: 1.00 GB
Initial GC threshold: 21.00 MB
Current GC threshold: 98.12 MB
CDS: off
MetaspaceReclaimPolicy: balanced
 - commit_granule_bytes: 65536.
 - commit_granule_words: 8192.
 - virtual_space_node_default_size: 8388608.
 - enlarge_chunks_in_place: 1.
 - new_chunks_are_fully_committed: 0.
 - uncommit_free_chunks: 1.
 - use_allocation_guard: 0.
 - handle_deallocations: 1.


Internal statistics:

num_allocs_failed_limit: 6.
num_arena_births: 836.
num_arena_deaths: 314.
num_vsnodes_births: 2.
num_vsnodes_deaths: 0.
num_space_committed: 944.
num_space_uncommitted: 0.
num_chunks_returned_to_freelist: 387.
num_chunks_taken_from_freelist: 2897.
num_chunk_merges: 125.
num_chunk_splits: 1878.
num_chunks_enlarged: 1375.
num_inconsistent_stats: 0.

CodeCache: size=49152Kb used=21053Kb max_used=22061Kb free=28098Kb
 bounds [0x00000245bfcf0000, 0x00000245c12b0000, 0x00000245c2cf0000]
 total_blobs=11319 nmethods=10644 adapters=600
 compilation: enabled
              stopped_count=0, restarted_count=0
 full_count=0

Compilation events (20 events):
Event: 23790.853 Thread 0x00000245c8466360 10637       1       ch.qos.logback.classic.spi.StackTraceElementProxy::<init> (24 bytes)
Event: 23790.868 Thread 0x00000245c8466360 nmethod 10637 0x00000245c1224910 code [0x00000245c1224ac0, 0x00000245c1224c88]
Event: 23790.868 Thread 0x00000245c8466360 10638       1       ch.qos.logback.classic.spi.ThrowableProxyUtil::indent (21 bytes)
Event: 23790.870 Thread 0x00000245c8466360 nmethod 10638 0x00000245c1224590 code [0x00000245c1224720, 0x00000245c1224828]
Event: 23790.870 Thread 0x00000245c8466360 10639       1       java.lang.StackTraceElement::toString (322 bytes)
Event: 23790.873 Thread 0x00000245c8466360 nmethod 10639 0x00000245c1222410 code [0x00000245c1222840, 0x00000245c1223c38]
Event: 23790.873 Thread 0x00000245c8466360 10640       1       java.lang.StackTraceElement::dropClassLoaderName (16 bytes)
Event: 23790.873 Thread 0x00000245c8466360 nmethod 10640 0x00000245c1222110 code [0x00000245c12222a0, 0x00000245c1222378]
Event: 23790.873 Thread 0x00000245c8466360 10641       1       java.lang.StackTraceElement::isNativeMethod (15 bytes)
Event: 23790.873 Thread 0x00000245c8466360 nmethod 10641 0x00000245c1221e10 code [0x00000245c1221fa0, 0x00000245c1222078]
Event: 23790.874 Thread 0x00000245c8466360 10642       1       ch.qos.logback.classic.pattern.ThrowableProxyConverter::isIgnoredStackTraceLine (51 bytes)
Event: 23790.878 Thread 0x00000245c8466360 nmethod 10642 0x00000245c1221890 code [0x00000245c1221a60, 0x00000245c1221c78]
Event: 23790.878 Thread 0x00000245c8466360 10643       1       ch.qos.logback.classic.pattern.ThrowableProxyConverter::printStackLine (23 bytes)
Event: 23790.879 Thread 0x00000245c8466360 nmethod 10643 0x00000245c1221310 code [0x00000245c12214e0, 0x00000245c12216a8]
Event: 23792.712 Thread 0x00000245c8466360 10644       1       java.util.IdentityHashMap::put (137 bytes)
Event: 23792.713 Thread 0x00000245c8466360 nmethod 10644 0x00000245c1220a10 code [0x00000245c1220be0, 0x00000245c12210d8]
Event: 23905.095 Thread 0x00000245c8466360 10645  s    1       java.io.ByteArrayInputStream::available (10 bytes)
Event: 23905.095 Thread 0x00000245c8466360 nmethod 10645 0x00000245c1220690 code [0x00000245c1220820, 0x00000245c1220998]
Event: 23905.116 Thread 0x00000245c8466360 10646       1       org.eclipse.jdt.internal.compiler.util.HashtableOfInteger::putUnsafely (86 bytes)
Event: 23905.117 Thread 0x00000245c8466360 nmethod 10646 0x00000245c121ff10 code [0x00000245c12200e0, 0x00000245c1220488]

GC Heap History (20 events):
Event: 27152.239 GC heap before
{Heap before GC invocations=2506 (full 2436):
 garbage-first heap   total 126976K, used 40307K [0x00000000c0000000, 0x0000000100000000)
  region size 1024K, 1 young (1024K), 0 survivors (0K)
 Metaspace       used 59954K, committed 60416K, reserved 1114112K
  class space    used 7496K, committed 7680K, reserved 1048576K
}
Event: 27152.275 GC heap after
{Heap after GC invocations=2507 (full 2437):
 garbage-first heap   total 126976K, used 40307K [0x00000000c0000000, 0x0000000100000000)
  region size 1024K, 0 young (0K), 0 survivors (0K)
 Metaspace       used 59954K, committed 60416K, reserved 1114112K
  class space    used 7496K, committed 7680K, reserved 1048576K
}
Event: 27162.429 GC heap before
{Heap before GC invocations=2507 (full 2437):
 garbage-first heap   total 126976K, used 40307K [0x00000000c0000000, 0x0000000100000000)
  region size 1024K, 1 young (1024K), 0 survivors (0K)
 Metaspace       used 59954K, committed 60416K, reserved 1114112K
  class space    used 7496K, committed 7680K, reserved 1048576K
}
Event: 27162.469 GC heap after
{Heap after GC invocations=2508 (full 2438):
 garbage-first heap   total 126976K, used 40307K [0x00000000c0000000, 0x0000000100000000)
  region size 1024K, 0 young (0K), 0 survivors (0K)
 Metaspace       used 59954K, committed 60416K, reserved 1114112K
  class space    used 7496K, committed 7680K, reserved 1048576K
}
Event: 27172.624 GC heap before
{Heap before GC invocations=2508 (full 2438):
 garbage-first heap   total 126976K, used 40307K [0x00000000c0000000, 0x0000000100000000)
  region size 1024K, 1 young (1024K), 0 survivors (0K)
 Metaspace       used 59954K, committed 60416K, reserved 1114112K
  class space    used 7496K, committed 7680K, reserved 1048576K
}
Event: 27172.665 GC heap after
{Heap after GC invocations=2509 (full 2439):
 garbage-first heap   total 126976K, used 40307K [0x00000000c0000000, 0x0000000100000000)
  region size 1024K, 0 young (0K), 0 survivors (0K)
 Metaspace       used 59954K, committed 60416K, reserved 1114112K
  class space    used 7496K, committed 7680K, reserved 1048576K
}
Event: 27182.834 GC heap before
{Heap before GC invocations=2509 (full 2439):
 garbage-first heap   total 126976K, used 40307K [0x00000000c0000000, 0x0000000100000000)
  region size 1024K, 1 young (1024K), 0 survivors (0K)
 Metaspace       used 59954K, committed 60416K, reserved 1114112K
  class space    used 7496K, committed 7680K, reserved 1048576K
}
Event: 27182.877 GC heap after
{Heap after GC invocations=2510 (full 2440):
 garbage-first heap   total 126976K, used 40307K [0x00000000c0000000, 0x0000000100000000)
  region size 1024K, 0 young (0K), 0 survivors (0K)
 Metaspace       used 59954K, committed 60416K, reserved 1114112K
  class space    used 7496K, committed 7680K, reserved 1048576K
}
Event: 27193.033 GC heap before
{Heap before GC invocations=2510 (full 2440):
 garbage-first heap   total 126976K, used 40307K [0x00000000c0000000, 0x0000000100000000)
  region size 1024K, 1 young (1024K), 0 survivors (0K)
 Metaspace       used 59954K, committed 60416K, reserved 1114112K
  class space    used 7496K, committed 7680K, reserved 1048576K
}
Event: 27193.076 GC heap after
{Heap after GC invocations=2511 (full 2441):
 garbage-first heap   total 126976K, used 40307K [0x00000000c0000000, 0x0000000100000000)
  region size 1024K, 0 young (0K), 0 survivors (0K)
 Metaspace       used 59954K, committed 60416K, reserved 1114112K
  class space    used 7496K, committed 7680K, reserved 1048576K
}
Event: 27203.238 GC heap before
{Heap before GC invocations=2511 (full 2441):
 garbage-first heap   total 126976K, used 40307K [0x00000000c0000000, 0x0000000100000000)
  region size 1024K, 1 young (1024K), 0 survivors (0K)
 Metaspace       used 59954K, committed 60416K, reserved 1114112K
  class space    used 7496K, committed 7680K, reserved 1048576K
}
Event: 27203.283 GC heap after
{Heap after GC invocations=2512 (full 2442):
 garbage-first heap   total 126976K, used 40307K [0x00000000c0000000, 0x0000000100000000)
  region size 1024K, 0 young (0K), 0 survivors (0K)
 Metaspace       used 59954K, committed 60416K, reserved 1114112K
  class space    used 7496K, committed 7680K, reserved 1048576K
}
Event: 27213.442 GC heap before
{Heap before GC invocations=2512 (full 2442):
 garbage-first heap   total 126976K, used 40307K [0x00000000c0000000, 0x0000000100000000)
  region size 1024K, 1 young (1024K), 0 survivors (0K)
 Metaspace       used 59954K, committed 60416K, reserved 1114112K
  class space    used 7496K, committed 7680K, reserved 1048576K
}
Event: 27213.480 GC heap after
{Heap after GC invocations=2513 (full 2443):
 garbage-first heap   total 126976K, used 40307K [0x00000000c0000000, 0x0000000100000000)
  region size 1024K, 0 young (0K), 0 survivors (0K)
 Metaspace       used 59954K, committed 60416K, reserved 1114112K
  class space    used 7496K, committed 7680K, reserved 1048576K
}
Event: 27223.646 GC heap before
{Heap before GC invocations=2513 (full 2443):
 garbage-first heap   total 126976K, used 40307K [0x00000000c0000000, 0x0000000100000000)
  region size 1024K, 1 young (1024K), 0 survivors (0K)
 Metaspace       used 59954K, committed 60416K, reserved 1114112K
  class space    used 7496K, committed 7680K, reserved 1048576K
}
Event: 27223.695 GC heap after
{Heap after GC invocations=2514 (full 2444):
 garbage-first heap   total 126976K, used 40307K [0x00000000c0000000, 0x0000000100000000)
  region size 1024K, 0 young (0K), 0 survivors (0K)
 Metaspace       used 59954K, committed 60416K, reserved 1114112K
  class space    used 7496K, committed 7680K, reserved 1048576K
}
Event: 27233.853 GC heap before
{Heap before GC invocations=2514 (full 2444):
 garbage-first heap   total 126976K, used 40307K [0x00000000c0000000, 0x0000000100000000)
  region size 1024K, 1 young (1024K), 0 survivors (0K)
 Metaspace       used 59954K, committed 60416K, reserved 1114112K
  class space    used 7496K, committed 7680K, reserved 1048576K
}
Event: 27233.894 GC heap after
{Heap after GC invocations=2515 (full 2445):
 garbage-first heap   total 126976K, used 40307K [0x00000000c0000000, 0x0000000100000000)
  region size 1024K, 0 young (0K), 0 survivors (0K)
 Metaspace       used 59954K, committed 60416K, reserved 1114112K
  class space    used 7496K, committed 7680K, reserved 1048576K
}
Event: 27244.072 GC heap before
{Heap before GC invocations=2515 (full 2445):
 garbage-first heap   total 126976K, used 40307K [0x00000000c0000000, 0x0000000100000000)
  region size 1024K, 1 young (1024K), 0 survivors (0K)
 Metaspace       used 59954K, committed 60416K, reserved 1114112K
  class space    used 7496K, committed 7680K, reserved 1048576K
}
Event: 27244.118 GC heap after
{Heap after GC invocations=2516 (full 2446):
 garbage-first heap   total 126976K, used 40307K [0x00000000c0000000, 0x0000000100000000)
  region size 1024K, 0 young (0K), 0 survivors (0K)
 Metaspace       used 59954K, committed 60416K, reserved 1114112K
  class space    used 7496K, committed 7680K, reserved 1048576K
}

Dll operation events (10 events):
Event: 0.011 Loaded shared library c:\Users\islek\.vscode\extensions\redhat.java-1.30.0-win32-x64\jre\17.0.10-win32-x86_64\bin\java.dll
Event: 0.220 Loaded shared library C:\Users\islek\.vscode\extensions\redhat.java-1.30.0-win32-x64\jre\17.0.10-win32-x86_64\bin\net.dll
Event: 0.222 Loaded shared library C:\Users\islek\.vscode\extensions\redhat.java-1.30.0-win32-x64\jre\17.0.10-win32-x86_64\bin\nio.dll
Event: 0.603 Loaded shared library C:\Users\islek\.vscode\extensions\redhat.java-1.30.0-win32-x64\jre\17.0.10-win32-x86_64\bin\zip.dll
Event: 10.809 Loaded shared library C:\Users\islek\.vscode\extensions\redhat.java-1.30.0-win32-x64\jre\17.0.10-win32-x86_64\bin\jimage.dll
Event: 13.095 Loaded shared library c:\Users\islek\.vscode\extensions\redhat.java-1.30.0-win32-x64\jre\17.0.10-win32-x86_64\bin\verify.dll
Event: 19.725 Loaded shared library C:\Users\islek\.vscode\extensions\redhat.java-1.30.0-win32-x64\jre\17.0.10-win32-x86_64\bin\management.dll
Event: 19.730 Loaded shared library C:\Users\islek\.vscode\extensions\redhat.java-1.30.0-win32-x64\jre\17.0.10-win32-x86_64\bin\management_ext.dll
Event: 22.198 Loaded shared library C:\Users\islek\.vscode\extensions\redhat.java-1.30.0-win32-x64\jre\17.0.10-win32-x86_64\bin\sunmscapi.dll
Event: 22.534 Loaded shared library C:\Users\islek\.vscode\extensions\redhat.java-1.30.0-win32-x64\jre\17.0.10-win32-x86_64\bin\extnet.dll

Deoptimization events (20 events):
Event: 22.290 Thread 0x00000245ce56c580 DEOPT PACKING pc=0x00000245bfe7290c sp=0x0000007195cfacd0
Event: 22.290 Thread 0x00000245ce56c580 DEOPT UNPACKING pc=0x00000245bfd47143 sp=0x0000007195cfa198 mode 0
Event: 285.211 Thread 0x00000245ce49dbb0 DEOPT PACKING pc=0x00000245c038cc54 sp=0x00000071945fec10
Event: 285.211 Thread 0x00000245ce49dbb0 DEOPT UNPACKING pc=0x00000245bfd47143 sp=0x00000071945fe0b8 mode 0
Event: 709.985 Thread 0x00000245ce503be0 DEOPT PACKING pc=0x00000245c051938c sp=0x0000007194cfdf80
Event: 709.985 Thread 0x00000245ce503be0 DEOPT UNPACKING pc=0x00000245bfd47143 sp=0x0000007194cfd4e8 mode 0
Event: 709.985 Thread 0x00000245ce503be0 DEOPT PACKING pc=0x00000245c067cc4c sp=0x0000007194cfe0b0
Event: 709.985 Thread 0x00000245ce503be0 DEOPT UNPACKING pc=0x00000245bfd47143 sp=0x0000007194cfd590 mode 0
Event: 709.985 Thread 0x00000245ce503be0 DEOPT PACKING pc=0x00000245c051938c sp=0x0000007194cfe1e0
Event: 709.985 Thread 0x00000245ce503be0 DEOPT UNPACKING pc=0x00000245bfd47143 sp=0x0000007194cfd748 mode 0
Event: 709.985 Thread 0x00000245ce503be0 DEOPT PACKING pc=0x00000245c067cc4c sp=0x0000007194cfe310
Event: 709.985 Thread 0x00000245ce503be0 DEOPT UNPACKING pc=0x00000245bfd47143 sp=0x0000007194cfd808 mode 0
Event: 709.991 Thread 0x00000245ce503be0 DEOPT PACKING pc=0x00000245c051938c sp=0x0000007194cfe680
Event: 709.991 Thread 0x00000245ce503be0 DEOPT UNPACKING pc=0x00000245bfd47143 sp=0x0000007194cfdbe8 mode 0
Event: 709.991 Thread 0x00000245ce503be0 DEOPT PACKING pc=0x00000245c067cc4c sp=0x0000007194cfe7b0
Event: 709.991 Thread 0x00000245ce503be0 DEOPT UNPACKING pc=0x00000245bfd47143 sp=0x0000007194cfdca8 mode 0
Event: 757.477 Thread 0x00000245ce503be0 DEOPT PACKING pc=0x00000245c0aef14c sp=0x0000007194cfddf0
Event: 757.477 Thread 0x00000245ce503be0 DEOPT UNPACKING pc=0x00000245bfd47143 sp=0x0000007194cfd280 mode 0
Event: 757.477 Thread 0x00000245ce503be0 DEOPT PACKING pc=0x00000245c0adab84 sp=0x0000007194cfde60
Event: 757.477 Thread 0x00000245ce503be0 DEOPT UNPACKING pc=0x00000245bfd47143 sp=0x0000007194cfd308 mode 0

Classes unloaded (20 events):
Event: 3061.922 Thread 0x00000245c82ee510 Unloading class 0x00000001007aa000 'java/lang/invoke/LambdaForm$MH+0x00000001007aa000'
Event: 3061.922 Thread 0x00000245c82ee510 Unloading class 0x00000001007a2800 'java/lang/invoke/LambdaForm$MH+0x00000001007a2800'
Event: 3061.922 Thread 0x00000245c82ee510 Unloading class 0x00000001007a2400 'java/lang/invoke/LambdaForm$MH+0x00000001007a2400'
Event: 3061.922 Thread 0x00000245c82ee510 Unloading class 0x00000001007a2000 'java/lang/invoke/LambdaForm$MH+0x00000001007a2000'
Event: 3061.922 Thread 0x00000245c82ee510 Unloading class 0x00000001007a1c00 'java/lang/invoke/LambdaForm$MH+0x00000001007a1c00'
Event: 3061.922 Thread 0x00000245c82ee510 Unloading class 0x00000001007a1800 'java/lang/invoke/LambdaForm$MH+0x00000001007a1800'
Event: 3061.922 Thread 0x00000245c82ee510 Unloading class 0x00000001007a1400 'java/lang/invoke/LambdaForm$MH+0x00000001007a1400'
Event: 3061.922 Thread 0x00000245c82ee510 Unloading class 0x00000001003a9c00 'java/lang/invoke/LambdaForm$MH+0x00000001003a9c00'
Event: 3061.922 Thread 0x00000245c82ee510 Unloading class 0x000000010008d400 'java/lang/invoke/LambdaForm$MH+0x000000010008d400'
Event: 3061.922 Thread 0x00000245c82ee510 Unloading class 0x000000010008c000 'java/lang/invoke/LambdaForm$MH+0x000000010008c000'
Event: 3061.922 Thread 0x00000245c82ee510 Unloading class 0x0000000100094400 'java/lang/invoke/LambdaForm$MH+0x0000000100094400'
Event: 3061.922 Thread 0x00000245c82ee510 Unloading class 0x000000010008e800 'java/lang/invoke/LambdaForm$MH+0x000000010008e800'
Event: 3061.922 Thread 0x00000245c82ee510 Unloading class 0x0000000100739c00 'java/lang/invoke/LambdaForm$MH+0x0000000100739c00'
Event: 3234.207 Thread 0x00000245c82ee510 Unloading class 0x000000010079e000 'jdk/internal/reflect/GeneratedMethodAccessor28'
Event: 3234.207 Thread 0x00000245c82ee510 Unloading class 0x000000010079dc00 'jdk/internal/reflect/GeneratedConstructorAccessor54'
Event: 3234.207 Thread 0x00000245c82ee510 Unloading class 0x000000010079d800 'jdk/internal/reflect/GeneratedMethodAccessor27'
Event: 3234.207 Thread 0x00000245c82ee510 Unloading class 0x000000010079d400 'jdk/internal/reflect/GeneratedConstructorAccessor53'
Event: 3234.207 Thread 0x00000245c82ee510 Unloading class 0x000000010079d000 'jdk/internal/reflect/GeneratedMethodAccessor26'
Event: 3234.207 Thread 0x00000245c82ee510 Unloading class 0x000000010079cc00 'jdk/internal/reflect/GeneratedMethodAccessor25'
Event: 3234.207 Thread 0x00000245c82ee510 Unloading class 0x000000010079c800 'jdk/internal/reflect/GeneratedMethodAccessor24'

Classes redefined (0 events):
No events

Internal exceptions (20 events):
Event: 21.898 Thread 0x00000245ce56a720 Exception <a 'java/lang/NoSuchMethodError'{0x00000000c5b10f08}: 'java.lang.Object java.lang.invoke.DirectMethodHandle$Holder.invokeSpecial(java.lang.Object, java.lang.Object, java.lang.Object, java.lang.Object, java.lang.Object, java.lang.Object, long)'> (0x00000000c5b10f08) 
thrown [s\src\hotspot\share\interpreter\linkResolver.cpp, line 759]
Event: 21.920 Thread 0x00000245ce56c580 Exception <a 'java/lang/NoSuchMethodError'{0x00000000c5a3bd28}: 'void java.lang.invoke.DirectMethodHandle$Holder.invokeVirtual(java.lang.Object, java.lang.Object, java.lang.Object, java.lang.Object)'> (0x00000000c5a3bd28) 
thrown [s\src\hotspot\share\interpreter\linkResolver.cpp, line 759]
Event: 22.068 Thread 0x00000245ce56c580 Exception <a 'java/lang/NoSuchMethodError'{0x00000000c5332b98}: 'java.lang.Object java.lang.invoke.DirectMethodHandle$Holder.invokeStatic(java.lang.Object, java.lang.Object, int, java.lang.Object)'> (0x00000000c5332b98) 
thrown [s\src\hotspot\share\interpreter\linkResolver.cpp, line 759]
Event: 22.069 Thread 0x00000245ce56c580 Exception <a 'java/lang/NoSuchMethodError'{0x00000000c5338f88}: 'java.lang.Object java.lang.invoke.DirectMethodHandle$Holder.newInvokeSpecial(java.lang.Object, java.lang.Object, int)'> (0x00000000c5338f88) 
thrown [s\src\hotspot\share\interpreter\linkResolver.cpp, line 759]
Event: 22.285 Thread 0x00000245ce56c580 Exception <a 'sun/nio/fs/WindowsException'{0x00000000c8d5cb80}> (0x00000000c8d5cb80) 
thrown [s\src\hotspot\share\prims\jni.cpp, line 516]
Event: 59.713 Thread 0x00000245ce446200 Exception <a 'java/lang/NoSuchMethodError'{0x00000000c79b08a8}: 'void java.lang.invoke.DirectMethodHandle$Holder.invokeStatic(java.lang.Object, long)'> (0x00000000c79b08a8) 
thrown [s\src\hotspot\share\interpreter\linkResolver.cpp, line 759]
Event: 59.713 Thread 0x00000245ce446200 Exception <a 'java/lang/NoSuchMethodError'{0x00000000c79b5c58}: 'java.lang.Object java.lang.invoke.DirectMethodHandle$Holder.newInvokeSpecial(java.lang.Object, long)'> (0x00000000c79b5c58) 
thrown [s\src\hotspot\share\interpreter\linkResolver.cpp, line 759]
Event: 323.559 Thread 0x00000245ce56ac30 Exception <a 'java/io/IOException'{0x00000000c7f00220}> (0x00000000c7f00220) 
thrown [s\src\hotspot\share\prims\jni.cpp, line 516]
Event: 323.992 Thread 0x00000245ce570c60 Exception <a 'java/io/IOException'{0x00000000c7f163f0}> (0x00000000c7f163f0) 
thrown [s\src\hotspot\share\prims\jni.cpp, line 516]
Event: 324.380 Thread 0x00000245ce571680 Exception <a 'java/io/IOException'{0x00000000c7e3a730}> (0x00000000c7e3a730) 
thrown [s\src\hotspot\share\prims\jni.cpp, line 516]
Event: 699.747 Thread 0x00000245ce56d4b0 Exception <a 'java/lang/NoSuchMethodError'{0x00000000c56d89b8}: 'java.lang.Object java.lang.invoke.DirectMethodHandle$Holder.newInvokeSpecial(java.lang.Object, java.lang.Object, int, java.lang.Object)'> (0x00000000c56d89b8) 
thrown [s\src\hotspot\share\interpreter\linkResolver.cpp, line 759]
Event: 699.748 Thread 0x00000245ce56d4b0 Exception <a 'java/lang/NoSuchMethodError'{0x00000000c56dc2d8}: 'java.lang.Object java.lang.invoke.Invokers$Holder.linkToTargetMethod(java.lang.Object, int, java.lang.Object, java.lang.Object)'> (0x00000000c56dc2d8) 
thrown [s\src\hotspot\share\interpreter\linkResolver.cpp, line 759]
Event: 1858.658 Thread 0x00000245ce570c60 Exception <a 'java/lang/ArrayIndexOutOfBoundsException'{0x00000000c5360558}> (0x00000000c5360558) 
thrown [s\src\hotspot\share\runtime\sharedRuntime.cpp, line 631]
Event: 1858.658 Thread 0x00000245ce571680 Exception <a 'java/lang/ArrayIndexOutOfBoundsException'{0x00000000c4f5ca98}> (0x00000000c4f5ca98) 
thrown [s\src\hotspot\share\runtime\sharedRuntime.cpp, line 631]
Event: 23578.907 Thread 0x00000245ce56b650 Exception <a 'java/lang/ClassCastException'{0x00000000c622b7a8}> (0x00000000c622b7a8) 
thrown [s\src\hotspot\share\runtime\sharedRuntime.cpp, line 631]
Event: 23578.939 Thread 0x00000245ce56b650 Exception <a 'java/lang/ClassCastException'{0x00000000c61792c0}> (0x00000000c61792c0) 
thrown [s\src\hotspot\share\runtime\sharedRuntime.cpp, line 631]
Event: 23739.166 Thread 0x00000245ce56d9c0 Exception <a 'java/lang/ClassCastException'{0x00000000c5df7238}> (0x00000000c5df7238) 
thrown [s\src\hotspot\share\runtime\sharedRuntime.cpp, line 631]
Event: 23739.175 Thread 0x00000245ce56d9c0 Exception <a 'java/lang/ClassCastException'{0x00000000c5b3e0e0}> (0x00000000c5b3e0e0) 
thrown [s\src\hotspot\share\runtime\sharedRuntime.cpp, line 631]
Event: 23779.856 Thread 0x00000245ce56d9c0 Exception <a 'java/lang/ClassCastException'{0x00000000c4f22990}> (0x00000000c4f22990) 
thrown [s\src\hotspot\share\runtime\sharedRuntime.cpp, line 631]
Event: 23779.865 Thread 0x00000245ce56d9c0 Exception <a 'java/lang/ClassCastException'{0x00000000c4e235f8}> (0x00000000c4e235f8) 
thrown [s\src\hotspot\share\runtime\sharedRuntime.cpp, line 631]

VM Operations (20 events):
Event: 27152.275 Executing VM operation: G1CollectFull done
Event: 27162.428 Executing VM operation: G1CollectFull
Event: 27162.469 Executing VM operation: G1CollectFull done
Event: 27172.624 Executing VM operation: G1CollectFull
Event: 27172.666 Executing VM operation: G1CollectFull done
Event: 27182.834 Executing VM operation: G1CollectFull
Event: 27182.877 Executing VM operation: G1CollectFull done
Event: 27193.033 Executing VM operation: G1CollectFull
Event: 27193.076 Executing VM operation: G1CollectFull done
Event: 27203.238 Executing VM operation: G1CollectFull
Event: 27203.283 Executing VM operation: G1CollectFull done
Event: 27213.442 Executing VM operation: G1CollectFull
Event: 27213.481 Executing VM operation: G1CollectFull done
Event: 27223.646 Executing VM operation: G1CollectFull
Event: 27223.695 Executing VM operation: G1CollectFull done
Event: 27233.853 Executing VM operation: G1CollectFull
Event: 27233.894 Executing VM operation: G1CollectFull done
Event: 27244.072 Executing VM operation: G1CollectFull
Event: 27244.118 Executing VM operation: G1CollectFull done
Event: 27254.153 Executing VM operation: G1CollectFull

Events (20 events):
Event: 23660.396 Thread 0x00000245ce570c60 Thread added: 0x00000245ce570c60
Event: 23660.397 Thread 0x00000245ce571680 Thread added: 0x00000245ce571680
Event: 23660.400 Thread 0x00000245ce56d9c0 Thread added: 0x00000245ce56d9c0
Event: 23660.802 Thread 0x00000245ce56a210 Thread added: 0x00000245ce56a210
Event: 23739.404 Thread 0x00000245ce571b90 Thread added: 0x00000245ce571b90
Event: 23779.404 Thread 0x00000245ce56ca90 Thread added: 0x00000245ce56ca90
Event: 23779.868 Thread 0x00000245ce56b650 Thread added: 0x00000245ce56b650
Event: 23839.896 Thread 0x00000245ce56b650 Thread exited: 0x00000245ce56b650
Event: 23839.898 Thread 0x00000245ce56d9c0 Thread exited: 0x00000245ce56d9c0
Event: 23840.174 Thread 0x00000245ce571b90 Thread exited: 0x00000245ce571b90
Event: 23840.535 Thread 0x00000245ce570c60 Thread exited: 0x00000245ce570c60
Event: 23850.860 Thread 0x00000245ce571680 Thread exited: 0x00000245ce571680
Event: 23852.722 Thread 0x00000245ce56a210 Thread exited: 0x00000245ce56a210
Event: 23871.451 Thread 0x00000245ce56ca90 Thread exited: 0x00000245ce56ca90
Event: 23905.051 Thread 0x00000245ce56ca90 Thread added: 0x00000245ce56ca90
Event: 23905.052 Thread 0x00000245ce56b650 Thread added: 0x00000245ce56b650
Event: 23905.054 Thread 0x00000245ce570c60 Thread added: 0x00000245ce570c60
Event: 23965.129 Thread 0x00000245ce570c60 Thread exited: 0x00000245ce570c60
Event: 24020.188 Thread 0x00000245ce56ca90 Thread exited: 0x00000245ce56ca90
Event: 24020.189 Thread 0x00000245ce56b650 Thread exited: 0x00000245ce56b650


Dynamic libraries:
0x00007ff6fb7a0000 - 0x00007ff6fb7ae000 	c:\Users\islek\.vscode\extensions\redhat.java-1.30.0-win32-x64\jre\17.0.10-win32-x86_64\bin\java.exe
0x00007ffa2c390000 - 0x00007ffa2c5a7000 	C:\WINDOWS\SYSTEM32\ntdll.dll
0x00007ffa2b340000 - 0x00007ffa2b404000 	C:\WINDOWS\System32\KERNEL32.DLL
0x00007ffa29b80000 - 0x00007ffa29f27000 	C:\WINDOWS\System32\KERNELBASE.dll
0x00007ffa29a30000 - 0x00007ffa29b41000 	C:\WINDOWS\System32\ucrtbase.dll
0x00007ff9fc6a0000 - 0x00007ff9fc6bb000 	c:\Users\islek\.vscode\extensions\redhat.java-1.30.0-win32-x64\jre\17.0.10-win32-x86_64\bin\VCRUNTIME140.dll
0x00007ff9fc680000 - 0x00007ff9fc697000 	c:\Users\islek\.vscode\extensions\redhat.java-1.30.0-win32-x64\jre\17.0.10-win32-x86_64\bin\jli.dll
0x00007ffa2b550000 - 0x00007ffa2b6fe000 	C:\WINDOWS\System32\USER32.dll
0x00007ffa29770000 - 0x00007ffa29796000 	C:\WINDOWS\System32\win32u.dll
0x00007ffa0b1c0000 - 0x00007ffa0b453000 	C:\WINDOWS\WinSxS\amd64_microsoft.windows.common-controls_6595b64144ccf1df_6.0.22621.3527_none_270e469b73872a76\COMCTL32.dll
0x00007ffa2a9f0000 - 0x00007ffa2aa19000 	C:\WINDOWS\System32\GDI32.dll
0x00007ffa2b4a0000 - 0x00007ffa2b547000 	C:\WINDOWS\System32\msvcrt.dll
0x00007ffa29fa0000 - 0x00007ffa2a0b9000 	C:\WINDOWS\System32\gdi32full.dll
0x00007ffa29910000 - 0x00007ffa299aa000 	C:\WINDOWS\System32\msvcp_win.dll
0x00007ffa2c300000 - 0x00007ffa2c331000 	C:\WINDOWS\System32\IMM32.DLL
0x00007ffa16dd0000 - 0x00007ffa16ddc000 	c:\Users\islek\.vscode\extensions\redhat.java-1.30.0-win32-x64\jre\17.0.10-win32-x86_64\bin\vcruntime140_1.dll
0x00007ff9ef1a0000 - 0x00007ff9ef22d000 	c:\Users\islek\.vscode\extensions\redhat.java-1.30.0-win32-x64\jre\17.0.10-win32-x86_64\bin\msvcp140.dll
0x00007ff964380000 - 0x00007ff964fe2000 	c:\Users\islek\.vscode\extensions\redhat.java-1.30.0-win32-x64\jre\17.0.10-win32-x86_64\bin\server\jvm.dll
0x00007ffa2b260000 - 0x00007ffa2b312000 	C:\WINDOWS\System32\ADVAPI32.dll
0x00007ffa2b700000 - 0x00007ffa2b7a8000 	C:\WINDOWS\System32\sechost.dll
0x00007ffa29b50000 - 0x00007ffa29b78000 	C:\WINDOWS\System32\bcrypt.dll
0x00007ffa2aa20000 - 0x00007ffa2ab35000 	C:\WINDOWS\System32\RPCRT4.dll
0x00007ffa292f0000 - 0x00007ffa2933d000 	C:\WINDOWS\SYSTEM32\POWRPROF.dll
0x00007ffa21840000 - 0x00007ffa21874000 	C:\WINDOWS\SYSTEM32\WINMM.dll
0x00007ffa1fc10000 - 0x00007ffa1fc1a000 	C:\WINDOWS\SYSTEM32\VERSION.dll
0x00007ffa083e0000 - 0x00007ffa083e9000 	C:\WINDOWS\SYSTEM32\WSOCK32.dll
0x00007ffa2adc0000 - 0x00007ffa2ae31000 	C:\WINDOWS\System32\WS2_32.dll
0x00007ffa292d0000 - 0x00007ffa292e3000 	C:\WINDOWS\SYSTEM32\UMPDC.dll
0x00007ffa286d0000 - 0x00007ffa286e8000 	C:\WINDOWS\SYSTEM32\kernel.appcore.dll
0x00007ffa0bc90000 - 0x00007ffa0bc9a000 	c:\Users\islek\.vscode\extensions\redhat.java-1.30.0-win32-x64\jre\17.0.10-win32-x86_64\bin\jimage.dll
0x00007ffa26b60000 - 0x00007ffa26d93000 	C:\WINDOWS\SYSTEM32\DBGHELP.DLL
0x00007ffa2ba70000 - 0x00007ffa2bdf8000 	C:\WINDOWS\System32\combase.dll
0x00007ffa2ac40000 - 0x00007ffa2ad17000 	C:\WINDOWS\System32\OLEAUT32.dll
0x00007ffa181a0000 - 0x00007ffa181d2000 	C:\WINDOWS\SYSTEM32\dbgcore.DLL
0x00007ffa299b0000 - 0x00007ffa29a29000 	C:\WINDOWS\System32\bcryptPrimitives.dll
0x00007ff9fc650000 - 0x00007ff9fc675000 	c:\Users\islek\.vscode\extensions\redhat.java-1.30.0-win32-x64\jre\17.0.10-win32-x86_64\bin\java.dll
0x00007ff9fad20000 - 0x00007ff9fad38000 	c:\Users\islek\.vscode\extensions\redhat.java-1.30.0-win32-x64\jre\17.0.10-win32-x86_64\bin\zip.dll
0x00007ffa2a0c0000 - 0x00007ffa2a91c000 	C:\WINDOWS\System32\SHELL32.dll
0x00007ffa275f0000 - 0x00007ffa27ee6000 	C:\WINDOWS\SYSTEM32\windows.storage.dll
0x00007ffa274b0000 - 0x00007ffa275ee000 	C:\WINDOWS\SYSTEM32\wintypes.dll
0x00007ffa2ab40000 - 0x00007ffa2ac35000 	C:\WINDOWS\System32\SHCORE.dll
0x00007ffa2b200000 - 0x00007ffa2b25e000 	C:\WINDOWS\System32\shlwapi.dll
0x00007ffa295e0000 - 0x00007ffa29601000 	C:\WINDOWS\SYSTEM32\profapi.dll
0x00007ff9fad00000 - 0x00007ff9fad19000 	C:\Users\islek\.vscode\extensions\redhat.java-1.30.0-win32-x64\jre\17.0.10-win32-x86_64\bin\net.dll
0x00007ffa23620000 - 0x00007ffa23756000 	C:\WINDOWS\SYSTEM32\WINHTTP.dll
0x00007ffa28b40000 - 0x00007ffa28ba9000 	C:\WINDOWS\system32\mswsock.dll
0x00007ff9f7590000 - 0x00007ff9f75a6000 	C:\Users\islek\.vscode\extensions\redhat.java-1.30.0-win32-x64\jre\17.0.10-win32-x86_64\bin\nio.dll
0x00007ff9fb350000 - 0x00007ff9fb360000 	c:\Users\islek\.vscode\extensions\redhat.java-1.30.0-win32-x64\jre\17.0.10-win32-x86_64\bin\verify.dll
0x00007ffa28e10000 - 0x00007ffa28e2b000 	C:\WINDOWS\SYSTEM32\CRYPTSP.dll
0x00007ffa28630000 - 0x00007ffa28665000 	C:\WINDOWS\system32\rsaenh.dll
0x00007ffa28c40000 - 0x00007ffa28c68000 	C:\WINDOWS\SYSTEM32\USERENV.dll
0x00007ffa28e30000 - 0x00007ffa28e3c000 	C:\WINDOWS\SYSTEM32\CRYPTBASE.dll
0x00007ffa28150000 - 0x00007ffa2817d000 	C:\WINDOWS\SYSTEM32\IPHLPAPI.DLL
0x00007ffa2a920000 - 0x00007ffa2a929000 	C:\WINDOWS\System32\NSI.dll
0x00007ffa22470000 - 0x00007ffa22489000 	C:\WINDOWS\SYSTEM32\dhcpcsvc6.DLL
0x00007ffa223b0000 - 0x00007ffa223cf000 	C:\WINDOWS\SYSTEM32\dhcpcsvc.DLL
0x00007ffa281c0000 - 0x00007ffa282b9000 	C:\WINDOWS\SYSTEM32\DNSAPI.dll
0x00007ffa24370000 - 0x00007ffa24379000 	C:\Users\islek\.vscode\extensions\redhat.java-1.30.0-win32-x64\jre\17.0.10-win32-x86_64\bin\management.dll
0x00007ffa19eb0000 - 0x00007ffa19ebb000 	C:\Users\islek\.vscode\extensions\redhat.java-1.30.0-win32-x64\jre\17.0.10-win32-x86_64\bin\management_ext.dll
0x00007ffa2adb0000 - 0x00007ffa2adb8000 	C:\WINDOWS\System32\PSAPI.DLL
0x00007ffa24430000 - 0x00007ffa2443e000 	C:\Users\islek\.vscode\extensions\redhat.java-1.30.0-win32-x64\jre\17.0.10-win32-x86_64\bin\sunmscapi.dll
0x00007ffa297a0000 - 0x00007ffa29907000 	C:\WINDOWS\System32\CRYPT32.dll
0x00007ffa28fb0000 - 0x00007ffa28fde000 	C:\WINDOWS\SYSTEM32\ncrypt.dll
0x00007ffa28f70000 - 0x00007ffa28fa7000 	C:\WINDOWS\SYSTEM32\NTASN1.dll
0x00007ffa1fc70000 - 0x00007ffa1fc7a000 	C:\Windows\System32\rasadhlp.dll
0x00007ffa1f8d0000 - 0x00007ffa1f953000 	C:\WINDOWS\System32\fwpuclnt.dll
0x00007ffa24420000 - 0x00007ffa24429000 	C:\Users\islek\.vscode\extensions\redhat.java-1.30.0-win32-x64\jre\17.0.10-win32-x86_64\bin\extnet.dll

dbghelp: loaded successfully - version: 4.0.5 - missing functions: none
symbol engine: initialized successfully - sym options: 0x614 - pdb path: .;c:\Users\islek\.vscode\extensions\redhat.java-1.30.0-win32-x64\jre\17.0.10-win32-x86_64\bin;C:\WINDOWS\SYSTEM32;C:\WINDOWS\WinSxS\amd64_microsoft.windows.common-controls_6595b64144ccf1df_6.0.22621.3527_none_270e469b73872a76;c:\Users\islek\.vscode\extensions\redhat.java-1.30.0-win32-x64\jre\17.0.10-win32-x86_64\bin\server

VM Arguments:
jvm_args: -Xmx1024m -Dsts.lsp.client=vscode -Dsts.log.file=/dev/null -XX:TieredStopAtLevel=1 -Xlog:jni+resolve=off -Dspring.config.location=file:c:\Users\islek\.vscode\extensions\vmware.vscode-spring-boot-1.54.0\language-server\BOOT-INF\classes\application.properties 
java_command: org.springframework.ide.vscode.boot.app.BootLanguageServerBootApp
java_class_path (initial): c:\Users\islek\.vscode\extensions\vmware.vscode-spring-boot-1.54.0\language-server\BOOT-INF\classes;c:\Users\islek\.vscode\extensions\vmware.vscode-spring-boot-1.54.0\language-server\BOOT-INF\lib\annotations-24.1.0.jar;c:\Users\islek\.vscode\extensions\vmware.vscode-spring-boot-1.54.0\language-server\BOOT-INF\lib\antlr4-runtime-4.13.1.jar;c:\Users\islek\.vscode\extensions\vmware.vscode-spring-boot-1.54.0\language-server\BOOT-INF\lib\asm-9.7.jar;c:\Users\islek\.vscode\extensions\vmware.vscode-spring-boot-1.54.0\language-server\BOOT-INF\lib\asm-analysis-9.7.jar;c:\Users\islek\.vscode\extensions\vmware.vscode-spring-boot-1.54.0\language-server\BOOT-INF\lib\asm-tree-9.7.jar;c:\Users\islek\.vscode\extensions\vmware.vscode-spring-boot-1.54.0\language-server\BOOT-INF\lib\asm-util-9.7.jar;c:\Users\islek\.vscode\extensions\vmware.vscode-spring-boot-1.54.0\language-server\BOOT-INF\lib\caffeine-3.1.8.jar;c:\Users\islek\.vscode\extensions\vmware.vscode-spring-boot-1.54.0\language-server\BOOT-INF\lib\checker-qual-3.12.0.jar;c:\Users\islek\.vscode\extensions\vmware.vscode-spring-boot-1.54.0\language-server\BOOT-INF\lib\classgraph-4.8.149.jar;c:\Users\islek\.vscode\extensions\vmware.vscode-spring-boot-1.54.0\language-server\BOOT-INF\lib\commons-codec-1.16.1.jar;c:\Users\islek\.vscode\extensions\vmware.vscode-spring-boot-1.54.0\language-server\BOOT-INF\lib\commons-compress-1.26.1.jar;c:\Users\islek\.vscode\extensions\vmware.vscode-spring-boot-1.54.0\language-server\BOOT-INF\lib\commons-io-2.4.jar;c:\Users\islek\.vscode\extensions\vmware.vscode-spring-boot-1.54.0\language-server\BOOT-INF\lib\commons-java-1.54.0-SNAPSHOT.jar;c:\Users\islek\.vscode\extensions\vmware.vscode-spring-boot-1.54.0\language-server\BOOT-INF\lib\commons-lang3-3.13.0.jar;c:\Users\islek\.vscode\extensions\vmware.vscode-spring-boot-1.54.0\language-server\BOOT-INF\lib\commons-language-server-1.54.0-SNAPSHOT.jar;c:\Users\islek\.vscode\extensions\vmware.vscode-spring-boot-1.54.0\language
Launcher Type: SUN_STANDARD

[Global flags]
     intx CICompilerCount                          = 4                                         {product} {ergonomic}
     uint ConcGCThreads                            = 3                                         {product} {ergonomic}
     uint G1ConcRefinementThreads                  = 10                                        {product} {ergonomic}
   size_t G1HeapRegionSize                         = 1048576                                   {product} {ergonomic}
    uintx GCDrainStackTargetSize                   = 64                                        {product} {ergonomic}
   size_t InitialHeapSize                          = 123731968                                 {product} {ergonomic}
   size_t MarkStackSize                            = 4194304                                   {product} {ergonomic}
   size_t MaxHeapSize                              = 1073741824                                {product} {command line}
   size_t MaxNewSize                               = 643825664                                 {product} {ergonomic}
   size_t MinHeapDeltaBytes                        = 1048576                                   {product} {ergonomic}
   size_t MinHeapSize                              = 8388608                                   {product} {ergonomic}
    uintx NonProfiledCodeHeapSize                  = 0                                      {pd product} {ergonomic}
     bool ProfileInterpreter                       = false                                  {pd product} {command line}
    uintx ProfiledCodeHeapSize                     = 0                                      {pd product} {ergonomic}
   size_t SoftMaxHeapSize                          = 1073741824                             {manageable} {ergonomic}
     intx TieredStopAtLevel                        = 1                                         {product} {command line}
     bool UseCompressedClassPointers               = true                           {product lp64_product} {ergonomic}
     bool UseCompressedOops                        = true                           {product lp64_product} {ergonomic}
     bool UseG1GC                                  = true                                      {product} {ergonomic}
     bool UseLargePagesIndividualAllocation        = false                                  {pd product} {ergonomic}

Logging:
Log output configuration:
 #0: stdout all=warning,jni+resolve=off uptime,level,tags
 #1: stderr all=off uptime,level,tags

Environment Variables:
JAVA_HOME=C:\Program Files\Java\jdk-17
PATH=C:\Program Files\Java\jdk-17\bin;C:\Python311\Scripts\;C:\Users\islek\Downloads\oracle\WINDOWS.X64_193000_db_home\bin;C:\Program Files\Common Files\Oracle\Java\javapath;C:\WINDOWS\system32;C:\WINDOWS;C:\WINDOWS\System32\Wbem;C:\WINDOWS\System32\WindowsPowerShell\v1.0\;C:\WINDOWS\System32\OpenSSH\;C:\msys64\mingw64\bin;C:\ProgramData\chocolatey\bin;C:\Users\islek\AppData\Local\Android\Sdk\tools;C:\Users\islek\AppData\Local\Android\Sdk\platform-tools;C:\Program Files\Java\jdk-17\bin;C:\Program Files\apache-maven-3.8.6\bin;C:\Program Files\nodejs\;C:\Program Files\dotnet\;C:\Program Files\Microsoft SQL Server\150\Tools\Binn\;C:\Program Files\Microsoft SQL Server\Client SDK\ODBC\170\Tools\Binn\;C:\Program Files (x86)\Microsoft SQL Server\140\Tools\Binn\;C:\Program Files\Microsoft SQL Server\140\Tools\Binn\;C:\Program Files (x86)\Microsoft SQL Server\140\DTS\Binn\;C:\Program Files\Microsoft SQL Server\140\DTS\Binn\;C:\Program Files\Microsoft SQL Server\Client SDK\ODBC\130\Tools\Binn\;C:\Program Files (x86)\Microsoft SQL Server\150\DTS\Binn\;C:\Program Files\Git\bin;C:\Program Files\MySQL\MySQL Shell 8.0\bin\;C:\Users\islek\AppData\Local\Microsoft\WindowsApps;C:\Microsoft VS Code\bin;C:\Users\islek\AppData\Local\GitHubDesktop\bin;C:\Users\islek\AppData\Roaming\npm;C:\Users\islek\.dotnet\tools;C:\Program Files\Git\bin;
USERNAME=islek
OS=Windows_NT
PROCESSOR_IDENTIFIER=AMD64 Family 23 Model 104 Stepping 1, AuthenticAMD
TMP=C:\Users\islek\AppData\Local\Temp
TEMP=C:\Users\islek\AppData\Local\Temp



Periodic native trim disabled


---------------  S Y S T E M  ---------------

OS:
 Windows 11 , 64 bit Build 22621 (10.0.22621.3527)
OS uptime: 3 days 3:42 hours

CPU: total 12 (initial active 12) (12 cores per cpu, 2 threads per core) family 23 model 104 stepping 1 microcode 0x0, cx8, cmov, fxsr, ht, mmx, 3dnowpref, sse, sse2, sse3, ssse3, sse4a, sse4.1, sse4.2, popcnt, lzcnt, tsc, tscinvbit, avx, avx2, aes, clmul, bmi1, bmi2, adx, sha, fma, vzeroupper, clflush, clflushopt
Processor Information for all 12 processors :
  Max Mhz: 2100, Current Mhz: 2100, Mhz Limit: 2100

Memory: 4k page, system-wide physical 7514M (232M free)
TotalPageFile size 31066M (AvailPageFile size 106M)
current process WorkingSet (physical memory assigned to process): 84M, peak: 275M
current process commit charge ("private bytes"): 314M, peak: 333M

vm_info: OpenJDK 64-Bit Server VM (17.0.10+7) for windows-amd64 JRE (17.0.10+7), built on Jan 16 2024 23:25:11 by "admin" with MS VC++ 16.10 / 16.11 (VS2019)

END.
